<?xml version="1.0" encoding="UTF-8"?>
<testng-results skipped="0" failed="0" total="1" passed="1">
  <reporter-output>
  </reporter-output>
  <suite name="Default suite" duration-ms="10353" started-at="2016-01-14T05:36:00Z" finished-at="2016-01-14T05:36:10Z">
    <groups>
    </groups>
    <test name="Default test" duration-ms="10353" started-at="2016-01-14T05:36:00Z" finished-at="2016-01-14T05:36:10Z">
      <class name="com.sqa.na.selenium.ScreenShotTest">
        <test-method status="PASS" signature="setup()[pri:0, instance:com.sqa.na.selenium.ScreenShotTest@10da21bf]" name="setup" is-config="true" duration-ms="6673" started-at="2016-01-13T21:36:00Z" finished-at="2016-01-13T21:36:06Z">
          <reporter-output>
          </reporter-output>
        </test-method> <!-- setup -->
        <test-method status="PASS" signature="f()[pri:0, instance:com.sqa.na.selenium.ScreenShotTest@10da21bf]" name="f" duration-ms="2968" started-at="2016-01-13T21:36:06Z" finished-at="2016-01-13T21:36:09Z">
          <reporter-output>
          </reporter-output>
        </test-method> <!-- f -->
        <test-method status="PASS" signature="tearDown()[pri:0, instance:com.sqa.na.selenium.ScreenShotTest@10da21bf]" name="tearDown" is-config="true" duration-ms="685" started-at="2016-01-13T21:36:09Z" finished-at="2016-01-13T21:36:10Z">
          <reporter-output>
          </reporter-output>
        </test-method> <!-- tearDown -->
      </class> <!-- com.sqa.na.selenium.ScreenShotTest -->
    </test> <!-- Default test -->
  </suite> <!-- Default suite -->
</testng-results>
